d:\profiles\jxs2828\source\repos\dsa2-final-project\z_delete\a06 - octree\debug\vc141.pdb
d:\profiles\jxs2828\source\repos\dsa2-final-project\z_delete\a06 - octree\debug\vc141.idb
d:\profiles\jxs2828\source\repos\dsa2-final-project\z_delete\a06 - octree\debug\imgui.obj
d:\profiles\jxs2828\source\repos\dsa2-final-project\z_delete\a06 - octree\debug\imgui_demo.obj
d:\profiles\jxs2828\source\repos\dsa2-final-project\z_delete\a06 - octree\debug\imgui_draw.obj
d:\profiles\jxs2828\source\repos\dsa2-final-project\z_delete\a06 - octree\debug\appclass.obj
d:\profiles\jxs2828\source\repos\dsa2-final-project\z_delete\a06 - octree\debug\appclasscontrols.obj
d:\profiles\jxs2828\source\repos\dsa2-final-project\z_delete\a06 - octree\debug\appclassgui.obj
d:\profiles\jxs2828\source\repos\dsa2-final-project\z_delete\a06 - octree\debug\appclassmain.obj
d:\profiles\jxs2828\source\repos\dsa2-final-project\z_delete\a06 - octree\debug\controllerconfiguration.obj
d:\profiles\jxs2828\source\repos\dsa2-final-project\z_delete\a06 - octree\debug\main.obj
d:\profiles\jxs2828\source\repos\dsa2-final-project\z_delete\a06 - octree\debug\myentity.obj
d:\profiles\jxs2828\source\repos\dsa2-final-project\z_delete\a06 - octree\debug\myentitymanager.obj
d:\profiles\jxs2828\source\repos\dsa2-final-project\z_delete\a06 - octree\debug\myrigidbody.obj
d:\profiles\jxs2828\source\repos\dsa2-final-project\z_delete\a06 - octree_d.ilk
d:\profiles\jxs2828\source\repos\dsa2-final-project\z_delete\a06 - octree_d.exe
d:\profiles\jxs2828\source\repos\dsa2-final-project\z_delete\a06 - octree_d.pdb
d:\profiles\jxs2828\source\repos\dsa2-final-project\z_delete\a06 - octree\debug\bto.res
d:\profiles\jxs2828\source\repos\dsa2-final-project\z_delete\a06 - octree\debug\a06 - octree.tlog\cl.command.1.tlog
d:\profiles\jxs2828\source\repos\dsa2-final-project\z_delete\a06 - octree\debug\a06 - octree.tlog\cl.read.1.tlog
d:\profiles\jxs2828\source\repos\dsa2-final-project\z_delete\a06 - octree\debug\a06 - octree.tlog\cl.write.1.tlog
d:\profiles\jxs2828\source\repos\dsa2-final-project\z_delete\a06 - octree\debug\a06 - octree.tlog\link.command.1.tlog
d:\profiles\jxs2828\source\repos\dsa2-final-project\z_delete\a06 - octree\debug\a06 - octree.tlog\link.read.1.tlog
d:\profiles\jxs2828\source\repos\dsa2-final-project\z_delete\a06 - octree\debug\a06 - octree.tlog\link.write.1.tlog
d:\profiles\jxs2828\source\repos\dsa2-final-project\z_delete\a06 - octree\debug\a06 - octree.tlog\rc.command.1.tlog
d:\profiles\jxs2828\source\repos\dsa2-final-project\z_delete\a06 - octree\debug\a06 - octree.tlog\rc.read.1.tlog
d:\profiles\jxs2828\source\repos\dsa2-final-project\z_delete\a06 - octree\debug\a06 - octree.tlog\rc.write.1.tlog
